<?xml version="1.0" encoding="UTF-8"?>
<robot generator="Robot 6.0.2 (Python 3.11.3 on win32)" generated="20230821 22:15:57.074" rpa="false" schemaversion="3">
<suite id="s1" name="Amazon Testes" source="C:\Projetos\cursoUdemy\RobotFramework\WebTesting\amazon_testes.robot">
<test id="s1-t1" name="Caso de teste 01 - Acesso ao menu &quot;Mais vendidos&quot;" line="11">
<kw name="Abrir o navegador" library="amazon_resources" type="SETUP">
<kw name="Open Browser" library="SeleniumLibrary">
<arg>browser=chrome</arg>
<arg>options=add_experimental_option("detach", True)</arg>
<doc>Opens a new browser instance to the optional ``url``.</doc>
<msg timestamp="20230821 22:15:57.981" level="INFO">Opening browser 'chrome' to base url 'None'.</msg>
<status status="PASS" starttime="20230821 22:15:57.981" endtime="20230821 22:16:01.493"/>
</kw>
<kw name="Maximize Browser Window" library="SeleniumLibrary">
<doc>Maximizes current browser window.</doc>
<status status="PASS" starttime="20230821 22:16:01.494" endtime="20230821 22:16:01.736"/>
</kw>
<status status="PASS" starttime="20230821 22:15:57.980" endtime="20230821 22:16:01.736"/>
</kw>
<kw name="Acessar a home page do site Amazon.com.br" library="amazon_resources">
<kw name="Go To" library="SeleniumLibrary">
<arg>url=${URL}</arg>
<doc>Navigates the current browser window to the provided ``url``.</doc>
<msg timestamp="20230821 22:16:01.739" level="INFO">Opening url 'https://www.amazon.com.br/'</msg>
<status status="PASS" starttime="20230821 22:16:01.738" endtime="20230821 22:16:06.917"/>
</kw>
<kw name="Wait Until Element Is Visible" library="SeleniumLibrary">
<arg>locator=${MENU_MAIS_VENDIDOS}</arg>
<doc>Waits until the element ``locator`` is visible.</doc>
<status status="PASS" starttime="20230821 22:16:06.917" endtime="20230821 22:16:07.921"/>
</kw>
<status status="PASS" starttime="20230821 22:16:01.737" endtime="20230821 22:16:07.921"/>
</kw>
<kw name="Entrar no Menu Mais Vendidos" library="amazon_resources">
<kw name="Click Element" library="SeleniumLibrary">
<arg>locator=${MENU_MAIS_VENDIDOS}</arg>
<doc>Click the element identified by ``locator``.</doc>
<msg timestamp="20230821 22:16:07.924" level="INFO">Clicking element '//a[@href='/gp/bestsellers/?ref_=nav_cs_bestsellers'][contains(.,'Mais Vendidos')]'.</msg>
<status status="PASS" starttime="20230821 22:16:07.923" endtime="20230821 22:16:09.988"/>
</kw>
<status status="PASS" starttime="20230821 22:16:07.922" endtime="20230821 22:16:09.989"/>
</kw>
<kw name="Verificar se aparece a frase &quot;Mais vendidos&quot;" library="amazon_resources">
<kw name="Wait Until Page Contains" library="SeleniumLibrary">
<arg>text=${TEXTO_HEADER_MAIS_VENDIDOS}</arg>
<doc>Waits until ``text`` appears on the current page.</doc>
<status status="PASS" starttime="20230821 22:16:09.990" endtime="20230821 22:16:10.506"/>
</kw>
<kw name="Wait Until Element Is Visible" library="SeleniumLibrary">
<arg>locator=${HEADER_MAIS_VENDIDOS}</arg>
<doc>Waits until the element ``locator`` is visible.</doc>
<status status="PASS" starttime="20230821 22:16:10.506" endtime="20230821 22:16:10.981"/>
</kw>
<status status="PASS" starttime="20230821 22:16:09.989" endtime="20230821 22:16:10.981"/>
</kw>
<kw name="Verificar se o título da página fica Amazon.com.br Mais Vendidos: Os itens mais populares na Amazon" library="amazon_resources" sourcename="Verificar se o título da página fica ${TITULO}">
<kw name="Title Should Be" library="SeleniumLibrary">
<arg>title=${TITULO}</arg>
<doc>Verifies that the current page title equals ``title``.</doc>
<msg timestamp="20230821 22:16:10.993" level="INFO">Page title is 'Amazon.com.br Mais Vendidos: Os itens mais populares na Amazon'.</msg>
<status status="PASS" starttime="20230821 22:16:10.983" endtime="20230821 22:16:10.993"/>
</kw>
<status status="PASS" starttime="20230821 22:16:10.982" endtime="20230821 22:16:10.994"/>
</kw>
<kw name="Fechar o navegador" library="amazon_resources" type="TEARDOWN">
<kw name="Close Browser" library="SeleniumLibrary">
<doc>Closes the current browser.</doc>
<status status="PASS" starttime="20230821 22:16:10.996" endtime="20230821 22:16:13.427"/>
</kw>
<kw name="Capture Page Screenshot" library="SeleniumLibrary">
<doc>Takes a screenshot of the current page and embeds it into a log file.</doc>
<msg timestamp="20230821 22:16:13.428" level="INFO">Cannot capture screenshot because no browser is open.</msg>
<status status="PASS" starttime="20230821 22:16:13.428" endtime="20230821 22:16:13.428"/>
</kw>
<status status="PASS" starttime="20230821 22:16:10.994" endtime="20230821 22:16:13.428"/>
</kw>
<doc>Esse teste verifica o menu eletrônicos do site dda Amzon.com.br
e verifica a categoria Computadores e Informática</doc>
<tag>categorias</tag>
<tag>menus</tag>
<status status="PASS" starttime="20230821 22:15:57.979" endtime="20230821 22:16:13.441"/>
</test>
<test id="s1-t2" name="Caso de teste 02 - &quot;Pesquisa de Produto&quot;" line="22">
<kw name="Abrir o navegador" library="amazon_resources" type="SETUP">
<kw name="Open Browser" library="SeleniumLibrary">
<arg>browser=chrome</arg>
<arg>options=add_experimental_option("detach", True)</arg>
<doc>Opens a new browser instance to the optional ``url``.</doc>
<msg timestamp="20230821 22:16:13.445" level="INFO">Opening browser 'chrome' to base url 'None'.</msg>
<status status="PASS" starttime="20230821 22:16:13.444" endtime="20230821 22:16:15.170"/>
</kw>
<kw name="Maximize Browser Window" library="SeleniumLibrary">
<doc>Maximizes current browser window.</doc>
<status status="PASS" starttime="20230821 22:16:15.170" endtime="20230821 22:16:15.304"/>
</kw>
<status status="PASS" starttime="20230821 22:16:13.444" endtime="20230821 22:16:15.304"/>
</kw>
<kw name="Acessar a home page do site Amazon.com.br" library="amazon_resources">
<kw name="Go To" library="SeleniumLibrary">
<arg>url=${URL}</arg>
<doc>Navigates the current browser window to the provided ``url``.</doc>
<msg timestamp="20230821 22:16:15.306" level="INFO">Opening url 'https://www.amazon.com.br/'</msg>
<status status="PASS" starttime="20230821 22:16:15.306" endtime="20230821 22:16:19.137"/>
</kw>
<kw name="Wait Until Element Is Visible" library="SeleniumLibrary">
<arg>locator=${MENU_MAIS_VENDIDOS}</arg>
<doc>Waits until the element ``locator`` is visible.</doc>
<status status="PASS" starttime="20230821 22:16:19.137" endtime="20230821 22:16:19.700"/>
</kw>
<status status="PASS" starttime="20230821 22:16:15.305" endtime="20230821 22:16:19.700"/>
</kw>
<kw name="Digitar o nome de produto &quot;Xbox Series S&quot; no campo de pesquisa" library="amazon_resources" sourcename="Digitar o nome de produto ${produto} no campo de pesquisa">
<kw name="Click Element" library="SeleniumLibrary">
<arg>locator=//input[contains(@type,'text')]</arg>
<doc>Click the element identified by ``locator``.</doc>
<msg timestamp="20230821 22:16:19.707" level="INFO">Clicking element '//input[contains(@type,'text')]'.</msg>
<status status="PASS" starttime="20230821 22:16:19.706" endtime="20230821 22:16:20.146"/>
</kw>
<kw name="Input Text" library="SeleniumLibrary">
<arg>locator=${CAMPO_PESQUISA}</arg>
<arg>text=${X_BOX}</arg>
<doc>Types the given ``text`` into the text field identified by ``locator``.</doc>
<msg timestamp="20230821 22:16:20.148" level="INFO">Typing text 'Xbox Series X' into text field '//input[contains(@type,'text')]'.</msg>
<status status="PASS" starttime="20230821 22:16:20.147" endtime="20230821 22:16:20.539"/>
</kw>
<status status="PASS" starttime="20230821 22:16:19.705" endtime="20230821 22:16:20.540"/>
</kw>
<kw name="Clicar no botão de pesquisa" library="amazon_resources">
<kw name="Click Button" library="SeleniumLibrary">
<arg>locator=${BTN_SUBMIT}</arg>
<doc>Clicks the button identified by ``locator``.</doc>
<msg timestamp="20230821 22:16:20.541" level="INFO">Clicking button '//input[contains(@type,'submit')]'.</msg>
<status status="PASS" starttime="20230821 22:16:20.540" endtime="20230821 22:16:20.836"/>
</kw>
<status status="PASS" starttime="20230821 22:16:20.540" endtime="20230821 22:16:20.836"/>
</kw>
<kw name="Verificar o resultado da pesquisa listando o produto" library="amazon_resources">
<kw name="Wait Until Page Contains" library="SeleniumLibrary">
<arg>text=${X_BOX}</arg>
<doc>Waits until ``text`` appears on the current page.</doc>
<status status="PASS" starttime="20230821 22:16:20.838" endtime="20230821 22:16:21.400"/>
</kw>
<status status="PASS" starttime="20230821 22:16:20.837" endtime="20230821 22:16:21.401"/>
</kw>
<kw name="Fechar o navegador" library="amazon_resources" type="TEARDOWN">
<kw name="Close Browser" library="SeleniumLibrary">
<doc>Closes the current browser.</doc>
<status status="PASS" starttime="20230821 22:16:21.402" endtime="20230821 22:16:23.807"/>
</kw>
<kw name="Capture Page Screenshot" library="SeleniumLibrary">
<doc>Takes a screenshot of the current page and embeds it into a log file.</doc>
<msg timestamp="20230821 22:16:23.807" level="INFO">Cannot capture screenshot because no browser is open.</msg>
<status status="PASS" starttime="20230821 22:16:23.807" endtime="20230821 22:16:23.807"/>
</kw>
<status status="PASS" starttime="20230821 22:16:21.401" endtime="20230821 22:16:23.807"/>
</kw>
<doc>Esse teste verifica a busca de um produto</doc>
<tag>busca_produtos</tag>
<tag>lista_busca</tag>
<status status="PASS" starttime="20230821 22:16:13.443" endtime="20230821 22:16:23.807"/>
</test>
<doc>Essa suite teste o site da Amazon</doc>
<status status="PASS" starttime="20230821 22:15:57.076" endtime="20230821 22:16:23.811"/>
</suite>
<statistics>
<total>
<stat pass="2" fail="0" skip="0">All Tests</stat>
</total>
<tag>
<stat pass="1" fail="0" skip="0">busca_produtos</stat>
<stat pass="1" fail="0" skip="0">categorias</stat>
<stat pass="1" fail="0" skip="0">lista_busca</stat>
<stat pass="1" fail="0" skip="0">menus</stat>
</tag>
<suite>
<stat pass="2" fail="0" skip="0" id="s1" name="Amazon Testes">Amazon Testes</stat>
</suite>
</statistics>
<errors>
</errors>
</robot>
